"../../../Engine/Content/EditorResources/S_Actor.uasset" 0
"../../../Engine/Content/EngineFonts/Roboto.uasset" 1
"../../../Engine/Content/Functions/Engine_MaterialFunctions01/Shading/PowerToRoughness.uasset" 2
"../../../Engine/Content/Functions/Engine_MaterialFunctions01/Shading/ConvertFromDiffSpec.uasset" 3
"../../../Engine/Content/EngineMaterials/DefaultDiffuse.uasset" 4
"../../../Engine/Content/EngineMaterials/DefaultDeferredDecalMaterial.uasset" 5
"../../../Engine/Content/EngineMaterials/DefaultLightFunctionMaterial.uasset" 6
"../../../Engine/Content/Functions/Engine_MaterialFunctions02/Utility/BreakOutFloat2Components.uasset" 7
"../../../Engine/Content/EngineMaterials/DefaultPostProcessMaterial.uasset" 8
"../../../Engine/Content/EngineResources/DefaultTexture.uasset" 9
"../../../Engine/Content/Functions/Engine_MaterialFunctions01/Texturing/ScaleUVsByCenter.uasset" 10
"../../../Engine/Content/Functions/Engine_MaterialFunctions02/ScreenResolution.uasset" 11
"../../../Engine/Content/Functions/Engine_MaterialFunctions02/Texturing/ScreenAlignedUVs.uasset" 12
"../../../Engine/Content/EngineResources/WhiteSquareTexture.uasset" 13
"../../../Engine/Content/EngineMaterials/Widget3DPassThrough.uasset" 14
"../../../Engine/Content/EngineMaterials/Widget3DPassThrough_Translucent.uasset" 15
"../../../Engine/Content/EngineMaterials/Widget3DPassThrough_Translucent_OneSided.uasset" 16
"../../../Engine/Content/EngineMaterials/Widget3DPassThrough_Opaque.uasset" 17
"../../../Engine/Content/EngineMaterials/Widget3DPassThrough_Opaque_OneSided.uasset" 18
"../../../Engine/Content/EngineMaterials/Widget3DPassThrough_Masked.uasset" 19
"../../../Engine/Content/EngineMaterials/Widget3DPassThrough_Masked_OneSided.uasset" 20
"../../../Engine/Content/EngineResources/AICON-Red.uasset" 21
"../../../Engine/Content/EngineResources/AICON-Green.uasset" 22
"../../../Engine/Content/Maps/Templates/Thumbnails/Default.uasset" 23
"../../../Engine/Content/Maps/Templates/Thumbnails/VR-Basic.uasset" 24
"../../../Engine/Content/EditorMaterials/ParticleSystems/PSysThumbnail_NoImage.uasset" 25
"../../../Engine/Content/EditorMaterials/ParticleSystems/PSysThumbnail_OOD.uasset" 26
"../../../Engine/Content/EditorLandscapeResources/DataLayer.uasset" 27
"../../../Engine/Content/EngineDamageTypes/DmgTypeBP_Environmental.uasset" 28
"../../../Engine/Content/EngineMeshes/Sphere.uasset" 29
"../../../Engine/Content/EngineFonts/RobotoDistanceField.uasset" 30
"../../../Engine/Content/EngineMaterials/DefaultTextMaterialOpaque.uasset" 31
"../../../Engine/Content/EditorResources/S_Trigger.uasset" 32
"../../../Engine/Content/EngineResources/GradientTexture0.uasset" 33
"../../../Engine/Content/EngineResources/Black.uasset" 34
"../../../Engine/Content/EditorMaterials/MatineeGroups/MAT_Groups_Float.uasset" 35
"../../../Engine/Content/EditorMaterials/MatineeGroups/MAT_Groups_Director.uasset" 36
"../../../Engine/Content/EditorMaterials/MatineeGroups/MAT_Groups_Event.uasset" 37
"../../../Engine/Content/EditorMaterials/MatineeGroups/MAT_Groups_Anim.uasset" 38
"../../../Engine/Content/EditorMaterials/MatineeGroups/MAT_Groups_Fade.uasset" 39
"../../../Engine/Content/EditorMaterials/MatineeGroups/MAT_Groups_Move.uasset" 40
"../../../Engine/Content/EditorMaterials/MatineeGroups/MAT_Groups_Slomo.uasset" 41
"../../../Engine/Content/EditorMaterials/MatineeGroups/MAT_ColorTrack.uasset" 42
"../../../Engine/Content/EditorMaterials/MAT_Groups_Toggle.uasset" 43
"../../../Engine/Content/EditorMaterials/MatineeGroups/MAT_Groups_AudioMaster.uasset" 44
"../../../Engine/Content/EditorMaterials/MatineeGroups/MAT_Groups_Sound.uasset" 45
"../../../Engine/Content/EditorMaterials/MatineeGroups/MAT_Groups_Vector.uasset" 46
"../../../Engine/Content/EditorMaterials/MAT_Groups_Visibility.uasset" 47
"../../../Engine/Content/EngineResources/DefaultTextureCube.uasset" 48
"../../../Engine/Content/Functions/Engine_MaterialFunctions01/Opacity/CameraDepthFade.uasset" 49
"../../../Engine/Content/EngineMaterials/T_Default_Material_Grid_M.uasset" 50
"../../../Engine/Content/EngineMaterials/T_Default_Material_Grid_N.uasset" 51
"../../../Engine/Content/EngineMaterials/DefaultMaterial.uasset" 52
"../../../Engine/Content/EngineMeshes/Cylinder.uasset" 53
"../../../Engine/Content/EngineTireTypes/DefaultTireType.uasset" 54
"../../../Engine/Content/EditorMaterials/Camera/CineMat.uasset" 55
"../../../Engine/Content/EditorMaterials/Camera/MI_CineMat_Rig.uasset" 56
"../../../Engine/Content/EditorMeshes/Camera/SM_CraneRig_Base.uasset" 57
"../../../Engine/Content/EditorMeshes/Camera/SM_CraneRig_Arm.uasset" 58
"../../../Engine/Content/EditorMeshes/Camera/SM_CraneRig_Mount.uasset" 59
"../../../Engine/Content/EditorMeshes/Camera/SM_CraneRig_Body.uasset" 60
"../../../Engine/Content/EditorMeshes/Camera/SM_RailRig_Track.uasset" 61
"../../../Engine/Content/EditorMeshes/Camera/SM_RailRig_Mount.uasset" 62
"../../../Engine/Content/VREditor/LaserPointer/VR_LaserPower_01.uasset" 63
"../../../Engine/Content/VREditor/TransformGizmo/TransformGizmoMaterial.uasset" 64
"../../../Engine/Content/VREditor/TransformGizmo/TranslucentTransformGizmoMaterial.uasset" 65
"../../../Engine/Content/VREditor/TransformGizmo/TranslationHandle.uasset" 66
"../../../Engine/Content/VREditor/TransformGizmo/PlaneTranslationHandle.uasset" 67
"../../../Engine/Content/VREditor/TransformGizmo/RotationHandle.uasset" 68
"../../../Engine/Content/VREditor/TransformGizmo/StretchingHandle.uasset" 69
"../../../Engine/Content/VREditor/TransformGizmo/BoundingBoxCorner.uasset" 70
"../../../Engine/Content/VREditor/TransformGizmo/BoundingBoxEdge.uasset" 71
"../../../Engine/Content/VREditor/TransformGizmo/UniformScaleHandle.uasset" 72
"../../../Engine/Content/VREditor/FloatingText/LineMaterial.uasset" 73
"../../../Engine/Content/VREditor/FloatingText/LineSegmentCylinder.uasset" 74
"../../../Engine/Content/VREditor/FloatingText/JointSphere.uasset" 75
"../../../Engine/Content/VREditor/Fonts/VRText_RobotoLarge.uasset" 76
"../../../Engine/Content/VREditor/Fonts/VRTextMaterial.uasset" 77
"../../../Engine/Content/VREditor/Fonts/TranslucentVRTextMaterial.uasset" 78
"../../../Engine/Content/VREditor/UI/SelectionBarMesh.uasset" 79
"../../../Engine/Content/VREditor/UI/CloseButtonMesh.uasset" 80
"../../../Engine/Content/Tutorial/Basics/LevelEditorAttract.uasset" 81
"../../../Engine/Content/Tutorial/Basics/TutorialAssets/icon_tab_Levels_40x.uasset" 82
"../../../Engine/Content/Tutorial/Basics/LevelEditorOverview.uasset" 83
"../../../Engine/Content/Tutorial/ContentIntroCurve.uasset" 84
"../../../Engine/Plugins/2D/Paper2D/Content/PlaceholderTextures/DummySpriteTexture.uasset" 85
"../../../Engine/Plugins/2D/Paper2D/Content/DefaultSpriteMaterial.uasset" 86
"../../../Engine/Plugins/2D/Paper2D/Content/MaskedUnlitSpriteMaterial.uasset" 87
"../../../Engine/Plugins/2D/Paper2D/Content/OpaqueUnlitSpriteMaterial.uasset" 88
"../../../Engine/Plugins/2D/Paper2D/Content/DummySprite.uasset" 89
"../../../Engine/Plugins/2D/Paper2D/Content/DefaultPaperTerrainMaterial.uasset" 90
"../../../Engine/Content/EngineMeshes/Humanoid.uasset" 91
"../../../ShooterGame/Content/Characters/HeroTPP/HeroTPP_Skeleton.uasset" 92
"../../../ShooterGame/Content/Sounds/SoundClassesAndMixes/Ambient.uasset" 93
"../../../ShooterGame/Content/Sounds/SoundClassesAndMixes/UIControllerSounds.uasset" 94
"../../../ShooterGame/Content/Sounds/SoundClassesAndMixes/UI.uasset" 95
"../../../ShooterGame/Content/Sounds/SoundClassesAndMixes/Master.uasset" 96
"../../../ShooterGame/Content/Sounds/SoundClassesAndMixes/PSM_DuckEnvironment.uasset" 97
"../../../ShooterGame/Content/Sounds/SoundClassesAndMixes/Weapons.uasset" 98
"../../../ShooterGame/Content/Sounds/SoundClassesAndMixes/SFX.uasset" 99
"../../../ShooterGame/Content/Sounds/SoundClassesAndMixes/Characters.uasset" 100
"../../../ShooterGame/Content/Sounds/FoleyBodyMoves/Mono/FoleyBody_Fall_Cue.uasset" 101
"../../../ShooterGame/Content/Sounds/FoleyFlesh/Mono/FoleyFlesh_Gib_Cue.uasset" 102
"../../../ShooterGame/Content/Animations/TTP_Animations/Death.uasset" 103
"../../../ShooterGame/Content/Characters/HeroFPP/HeroFPP_Skeleton.uasset" 104
"../../../ShooterGame/Content/Animations/FPP_Animations/FPP_LauncherAim.uasset" 105
"../../../ShooterGame/Content/Animations/FPP_Animations/FPP_LauncherIdle.uasset" 106
"../../../ShooterGame/Content/Sounds/FoleyBodyMoves/Stereo/FoleyBody_Land_Stereo_Cue.uasset" 107
"../../../ShooterGame/Content/Animations/FPP_Animations/FPP_LauncherJumpEnd.uasset" 108
"../../../ShooterGame/Content/Animations/FPP_Animations/FPP_LauncherJumpLoop.uasset" 109
"../../../ShooterGame/Content/Sounds/FoleyBodyMoves/Stereo/FoleyBody_BodyMove_Stereo_Cue.uasset" 110
"../../../ShooterGame/Content/Animations/FPP_Animations/FPP_LauncherJumpStart.uasset" 111
"../../../ShooterGame/Content/Sounds/Footsteps/Stereo/Footsteps_Generic_Stereo_Cue.uasset" 112
"../../../ShooterGame/Content/Animations/FPP_Animations/FPP_LauncherRoadieRun.uasset" 113
"../../../ShooterGame/Content/Animations/FPP_Animations/FPP_LauncherRun.uasset" 114
"../../../ShooterGame/Content/Animations/FPP_Animations/FPP_RifleAim.uasset" 115
"../../../ShooterGame/Content/Animations/FPP_Animations/FPP_RifleIdle.uasset" 116
"../../../ShooterGame/Content/Animations/FPP_Animations/FPP_RifleJumpEnd.uasset" 117
"../../../ShooterGame/Content/Animations/FPP_Animations/FPP_RifleJumpLoop.uasset" 118
"../../../ShooterGame/Content/Animations/FPP_Animations/FPP_RifleJumpStart.uasset" 119
"../../../ShooterGame/Content/Animations/FPP_Animations/FPP_RifleRoadieRun.uasset" 120
"../../../ShooterGame/Content/Animations/FPP_Animations/FPP_RifleRun.uasset" 121
"../../../ShooterGame/Content/Characters/HeroFPP/HeroFPP_AnimationBlueprint.uasset" 122
"../../../ShooterGame/Content/Sounds/FoleyBodyMoves/Mono/FoleyBody_BodyMove_Cue.uasset" 123
"../../../ShooterGame/Content/Sounds/Weapon_AssaultRifle/Mono/AssaultRifle_Equip_Cue.uasset" 124
"../../../ShooterGame/Content/Animations/TTP_Animations/Equip.uasset" 125
"../../../ShooterGame/Content/Sounds/FoleyBodyMoves/Mono/FoleyBody_Land_Cue.uasset" 126
"../../../ShooterGame/Content/Animations/TTP_Animations/JumpEnd.uasset" 127
"../../../ShooterGame/Content/Animations/TTP_Animations/JumpLoop.uasset" 128
"../../../ShooterGame/Content/Animations/TTP_Animations/JumpStart.uasset" 129
"../../../ShooterGame/Content/Sounds/Footsteps/Mono/Footsteps_Generic_Cue.uasset" 130
"../../../ShooterGame/Content/Animations/TTP_Animations/RoadieRun_Fwd.uasset" 131
"../../../ShooterGame/Content/Animations/TTP_Animations/Idle.uasset" 132
"../../../ShooterGame/Content/Animations/TTP_Animations/AimOffsetDown.uasset" 133
"../../../ShooterGame/Content/Animations/TTP_Animations/AimOffsetFwd.uasset" 134
"../../../ShooterGame/Content/Animations/TTP_Animations/AimOffsetLeft.uasset" 135
"../../../ShooterGame/Content/Animations/TTP_Animations/AimOffsetLeftDown.uasset" 136
"../../../ShooterGame/Content/Animations/TTP_Animations/AimOffsetLeftUp.uasset" 137
"../../../ShooterGame/Content/Animations/TTP_Animations/AimOffsetRight.uasset" 138
"../../../ShooterGame/Content/Animations/TTP_Animations/AimOffsetRightDown.uasset" 139
"../../../ShooterGame/Content/Animations/TTP_Animations/AimOffsetRightUp.uasset" 140
"../../../ShooterGame/Content/Animations/TTP_Animations/AimOffsetUp.uasset" 141
"../../../ShooterGame/Content/Characters/HeroTPP/HeroTPP_AimOffsets.uasset" 142
"../../../ShooterGame/Content/Animations/TTP_Animations/Run_Bwd.uasset" 143
"../../../ShooterGame/Content/Animations/TTP_Animations/Run_Fwd.uasset" 144
"../../../ShooterGame/Content/Animations/TTP_Animations/Run_Lt.uasset" 145
"../../../ShooterGame/Content/Animations/TTP_Animations/Run_Rt.uasset" 146
"../../../ShooterGame/Content/Characters/HeroTPP/RunTPP.uasset" 147
"../../../ShooterGame/Content/Characters/HeroTPP/HeroTPP_AnimBlueprint.uasset" 148
"../../../ShooterGame/Content/Characters/HeroTPP/HeroTPP_Death.uasset" 149
"../../../ShooterGame/Content/Blueprints/Abilities/Switcharoo.uasset" 150
"../../../ShooterGame/Content/Sounds/FoleyBodyMoves/Stereo/FoleyBody_HandSwipe_Stereo_Cue.uasset" 151
"../../../ShooterGame/Content/Sounds/Weapon_GrenadeLauncher/Stereo/GrenadeLauncher_Equip_Stereo_Cue.uasset" 152
"../../../ShooterGame/Content/Animations/FPP_Animations/FPP_LauncherEquip.uasset" 153
"../../../ShooterGame/Content/Animations/FPP_Animations/HeroFPP_LauncherEquip_Montage.uasset" 154
"../../../ShooterGame/Content/Animations/FPP_Animations/FPP_LauncherAimFire.uasset" 155
"../../../ShooterGame/Content/Animations/FPP_Animations/FPP_LauncherFire.uasset" 156
"../../../ShooterGame/Content/Animations/FPP_Animations/HeroFPP_LauncherFire_Montage.uasset" 157
"../../../ShooterGame/Content/Sounds/Weapon_GrenadeLauncher/Stereo/GenadeLauncher_Reload_Stereo_Cue.uasset" 158
"../../../ShooterGame/Content/Animations/FPP_Animations/FPP_LanucherReload.uasset" 159
"../../../ShooterGame/Content/Animations/FPP_Animations/HeroFPP_LauncherReload_Montage.uasset" 160
"../../../ShooterGame/Content/Characters/HeroTPP/HeroTPP_Equip.uasset" 161
"../../../ShooterGame/Content/Animations/TTP_Animations/Launcher_Reload.uasset" 162
"../../../ShooterGame/Content/Characters/HeroTPP/HeroTTP_LauncherReload.uasset" 163
"../../../ShooterGame/Content/Effects/Textures/Water/distortion_01.uasset" 164
"../../../ShooterGame/Content/Effects/Textures/Weapon/T_bullet_hole_2.uasset" 165
"../../../ShooterGame/Content/Effects/Materials/Weapon/M_Impact_Decal.uasset" 166
"../../../ShooterGame/Content/Effects/Textures/Energy/T_EFX_Energy_Arc_SubUV.uasset" 167
"../../../ShooterGame/Content/Effects/Materials/Energy/M_Electrical.uasset" 168
"../../../ShooterGame/Content/Effects/Textures/Energy/T_EFX_Energy_Loop_Free.uasset" 169
"../../../ShooterGame/Content/Effects/Materials/Energy/M_WP_ShockRifle_Ring.uasset" 170
"../../../ShooterGame/Content/Effects/Materials/Ramp/M_radial_ramp_soft.uasset" 171
"../../../Engine/Content/Functions/Engine_MaterialFunctions01/Gradient/RadialGradient.uasset" 172
"../../../ShooterGame/Content/Effects/Materials/Ramp/M_SoftGradient_Muzzle.uasset" 173
"../../../ShooterGame/Content/Effects/ParticleSystems/Weapons/Curveshot/Impact/P_Curveshot_IH.uasset" 174
"../../../ShooterGame/Content/Sounds/Weapon_GrenadeLauncher/Mono/GrenadeLauncher_Explosion_Cue.uasset" 175
"../../../ShooterGame/Content/Blueprints/Weapons/ProjCurveshot_Explosion.uasset" 176
"../../../ShooterGame/Content/Effects/Textures/LensFlare/T_Lensflare_01.uasset" 177
"../../../ShooterGame/Content/Effects/Materials/LensFlare/M_Lensflare_01.uasset" 178
"../../../ShooterGame/Content/Effects/Textures/Smoke/T_SmokeBall_01_8_8.uasset" 179
"../../../ShooterGame/Content/Effects/Materials/Smoke/M_SmokeBall.uasset" 180
"../../../ShooterGame/Content/Effects/Textures/Spark/T_SparkCore_2X2.uasset" 181
"../../../ShooterGame/Content/Effects/materials/spark/M_spark_subUV.uasset" 182
"../../../ShooterGame/Content/Effects/ParticleSystems/Weapons/RocketLauncher/Muzzle/P_Launcher_proj.uasset" 183
"../../../ShooterGame/Content/Sounds/Weapon_GrenadeLauncher/Mono/GrenadeLauncher_ProjectileLoop_Cue.uasset" 184
"../../../ShooterGame/Content/Blueprints/Weapons/ProjCurveShot.uasset" 185
"../../../ShooterGame/Content/Blueprints/Weapons/WeapGun_FireCameraShake.uasset" 186
"../../../ShooterGame/Content/Effects/ForceFeedback/FFE_Damaged.uasset" 187
"../../../ShooterGame/Content/Effects/ForceFeedback/FFE_Killed.uasset" 188
"../../../ShooterGame/Content/UI/HUD/HUDMain.uasset" 189
"../../../ShooterGame/Content/DmgType_Explosion.uasset" 190
"../../../ShooterGame/Content/Effects/ForceFeedback/FFE_Fire.uasset" 191
"../../../ShooterGame/Content/Effects/Textures/LensFlare/Flare_02.uasset" 192
"../../../ShooterGame/Content/Effects/Materials/LensFlare/M_LensFlare_02.uasset" 193
"../../../ShooterGame/Content/Effects/Textures/Noise/T_FX_RoilingFlameModulate.uasset" 194
"../../../ShooterGame/Content/Effects/Textures/Weapon/T_Coil.uasset" 195
"../../../ShooterGame/Content/Effects/Materials/Weapon/M_WP_LinkGun_MF_3_new.uasset" 196
"../../../ShooterGame/Content/Effects/ParticleSystems/Weapons/RocketLauncher/Muzzle/P_Launcher_MF.uasset" 197
"../../../ShooterGame/Content/Sounds/Weapon_AssaultRifle/Mono/AssaultRifle_Empty_Cue.uasset" 198
"../../../ShooterGame/Content/Sounds/Weapon_GrenadeLauncher/Mono/GrenadeLauncher_Shot_Cue.uasset" 199
"../../../Engine/Content/Functions/Engine_MaterialFunctions01/Texturing/FlattenNormal.uasset" 200
"../../../Engine/Content/Functions/Engine_MaterialFunctions02/Utility/BlendAngleCorrectedNormals.uasset" 201
"../../../Engine/Content/Functions/MaterialLayerFunctions/MatLayerBlend_BakedNormal.uasset" 202
"../../../Engine/Content/Functions/MaterialLayerFunctions/MatLayerBlend_Emissive.uasset" 203
"../../../Engine/Content/Functions/MaterialLayerFunctions/MatLayerBlend_RoughnessOverride.uasset" 204
"../../../Engine/Content/Functions/MaterialLayerFunctions/MatLayerBlend_Standard.uasset" 205
"../../../Engine/Content/Functions/MaterialLayerFunctions/MatLayerBlend_TintAllChannels.uasset" 206
"../../../ShooterGame/Content/Weapons/MaterialLayers/ML_BoltMetal.uasset" 207
"../../../ShooterGame/Content/Weapons/MaterialLayers/T_Metal_Metal02_D.uasset" 208
"../../../ShooterGame/Content/Weapons/MaterialLayers/ML_Metal_Gray.uasset" 209
"../../../ShooterGame/Content/Weapons/MaterialLayers/T_PaintedMetal01_N.uasset" 210
"../../../ShooterGame/Content/Weapons/MaterialLayers/T_PaintedMetal02.uasset" 211
"../../../ShooterGame/Content/Weapons/MaterialLayers/ML_Paint.uasset" 212
"../../../ShooterGame/Content/Weapons/Textures/Launcher_01_N.uasset" 213
"../../../ShooterGame/Content/Weapons/Textures/LauncherT1_section.uasset" 214
"../../../ShooterGame/Content/Weapons/Textures/LauncherT1_shade.uasset" 215
"../../../ShooterGame/Content/Weapons/Materials/Launcher_MatA.uasset" 216
"../../../ShooterGame/Content/Weapons/Materials/Launcher_MatA_Inst.uasset" 217
"../../../Engine/Content/Functions/MaterialLayerFunctions/MatLayerBlend_Decal.uasset" 218
"../../../ShooterGame/Content/Characters/Textures/Chr_FPS_Metal_02.uasset" 219
"../../../ShooterGame/Content/Weapons/MaterialLayers/T_ExampleLayers_Metal02_N.uasset" 220
"../../../ShooterGame/Content/Weapons/MaterialLayers/ML_Metal_Copper.uasset" 221
"../../../ShooterGame/Content/Weapons/MaterialLayers/T_Rubber.uasset" 222
"../../../ShooterGame/Content/Weapons/MaterialLayers/ML_Rubber.uasset" 223
"../../../ShooterGame/Content/Weapons/Textures/Launcher_02_N.uasset" 224
"../../../ShooterGame/Content/Weapons/Textures/LauncherT2_section.uasset" 225
"../../../ShooterGame/Content/Weapons/Textures/LauncherT2_shade.uasset" 226
"../../../ShooterGame/Content/Weapons/Textures/MagGun_Decals.uasset" 227
"../../../ShooterGame/Content/Weapons/Materials/Launcher_MatB.uasset" 228
"../../../ShooterGame/Content/Weapons/Materials/Launcher_MatB_Inst.uasset" 229
"../../../ShooterGame/Content/Weapons/Launcher_Skeleton.uasset" 230
"../../../ShooterGame/Content/Weapons/Launcher.uasset" 231
"../../../ShooterGame/Content/Blueprints/Weapons/WeapCurveshot.uasset" 232
"../../../ShooterGame/Content/Sounds/Weapon_AssaultRifle/Stereo/AssaultRifle_Equip_Stereo_Cue.uasset" 233
"../../../ShooterGame/Content/Animations/FPP_Animations/FPP_RifleEquip.uasset" 234
"../../../ShooterGame/Content/Animations/FPP_Animations/HeroFPP_RifleEquip_Montage.uasset" 235
"../../../ShooterGame/Content/Sounds/Weapon_AssaultRifle/Stereo/AssaultRifle_Reload_Stereo_Cue.uasset" 236
"../../../ShooterGame/Content/Animations/FPP_Animations/FPP_RifleReload.uasset" 237
"../../../ShooterGame/Content/Animations/FPP_Animations/HeroFPP_RifleReload_Montage.uasset" 238
"../../../ShooterGame/Content/Animations/FPP_Animations/FPP_RifleAimFire.uasset" 239
"../../../ShooterGame/Content/Animations/FPP_Animations/FPP_RifleFire.uasset" 240
"../../../ShooterGame/Content/Animations/FPP_Animations/HerroFPP_RifleFire_Montage.uasset" 241
"../../../ShooterGame/Content/Sounds/FoleyBodyMoves/Mono/FoleyBody_HandSwipe_Cue.uasset" 242
"../../../ShooterGame/Content/Sounds/Weapon_AssaultRifle/Mono/AssaultRifle_Reload_Cue.uasset" 243
"../../../ShooterGame/Content/Animations/TTP_Animations/Reload.uasset" 244
"../../../ShooterGame/Content/Characters/HeroTPP/HeroTTP_RifleReload.uasset" 245
"../../../ShooterGame/Content/Effects/Textures/T_blood_various.uasset" 246
"../../../ShooterGame/Content/Effects/Textures/T_blood_various_N.uasset" 247
"../../../ShooterGame/Content/Effects/Materials/Gameplay/M_impact_splash_subUV.uasset" 248
"../../../ShooterGame/Content/Effects/ParticleSystems/Gameplay/Player/P_body_bullet_impact.uasset" 249
"../../../ShooterGame/Content/Effects/Textures/Smoke/T_Clouds_01.uasset" 250
"../../../ShooterGame/Content/Effects/Materials/Smoke/M_ImpactSmoke.uasset" 251
"../../../ShooterGame/Content/Effects/Textures/Water/T_Steam_02_Packed.uasset" 252
"../../../ShooterGame/Content/Effects/Materials/Smoke/M_MuzzleSmokeDetail_GPU.uasset" 253
"../../../ShooterGame/Content/Effects/ParticleSystems/Weapons/AssaultRifle/Impacts/P_AssaultRifle_IH.uasset" 254
"../../../ShooterGame/Content/Sounds/FoleyFlesh/Mono/FoleyFlesh_Impact_Cue.uasset" 255
"../../../ShooterGame/Content/Sounds/Weapon_AssaultRifle/Mono/AssaultRifle_ImpactConcrete_Cue.uasset" 256
"../../../ShooterGame/Content/Blueprints/Weapons/WeapGun_Impacts.uasset" 257
"../../../ShooterGame/Content/DmgType_Instant.uasset" 258
"../../../ShooterGame/Content/Effects/Textures/Weapon/T_muzzle_flashes.uasset" 259
"../../../ShooterGame/Content/Effects/Materials/Weapon/M_muzzle_flash_subUV.uasset" 260
"../../../Engine/Content/Functions/Engine_MaterialFunctions01/Gradient/LinearGradient.uasset" 261
"../../../ShooterGame/Content/Effects/Textures/Mask/T_SquareMaskTightEdge.uasset" 262
"../../../ShooterGame/Content/Effects/Textures/Noise/T_TileNoise.uasset" 263
"../../../ShooterGame/Content/Effects/Materials/Weapon/M_MuzzleGlow.uasset" 264
"../../../ShooterGame/Content/Effects/Meshes/Weapon/SM_MuzzleCone.uasset" 265
"../../../ShooterGame/Content/Effects/ParticleSystems/Weapons/AssaultRifle/Muzzle/P_AssaultRifle_MF.uasset" 266
"../../../ShooterGame/Content/Effects/Textures/Ramp/T_FX_CameraDistort.uasset" 267
"../../../ShooterGame/Content/Effects/Textures/Ramp/T_FX_ColorDistort.uasset" 268
"../../../ShooterGame/Content/Effects/Textures/Water/T_Caustics_2.uasset" 269
"../../../ShooterGame/Content/Effects/Materials/Weapon/M_WP_Linkgun_Connection.uasset" 270
"../../../ShooterGame/Content/Effects/Textures/Energy/T_EFX_Beam_Electricity_02.uasset" 271
"../../../ShooterGame/Content/Effects/Materials/Weapon/M_WP_ShockRifle_Panning_Beam.uasset" 272
"../../../ShooterGame/Content/Effects/ParticleSystems/Weapons/AssaultRifle/Muzzle/P_AssaultRifle_Trail.uasset" 273
"../../../ShooterGame/Content/Sounds/Weapon_AssaultRifle/Mono/AssaultRifle_Cue.uasset" 274
"../../../ShooterGame/Content/Sounds/Weapon_AssaultRifle/Mono/AssaultRifle_ShotEnd_Cue.uasset" 275
"../../../ShooterGame/Content/Sounds/Weapon_AssaultRifle/Mono/AssaultRifle_ShotLoop_Cue.uasset" 276
"../../../ShooterGame/Content/Weapons/Textures/MagGun_01_N.uasset" 277
"../../../ShooterGame/Content/Weapons/Textures/MagGunT1_section.uasset" 278
"../../../ShooterGame/Content/Weapons/Textures/MagGunT1_shade.uasset" 279
"../../../ShooterGame/Content/Weapons/Materials/MagGun_MatA.uasset" 280
"../../../ShooterGame/Content/Weapons/Materials/MagGun_MatA_Inst3.uasset" 281
"../../../ShooterGame/Content/Weapons/Textures/MagGun_02_N.uasset" 282
"../../../ShooterGame/Content/Weapons/Textures/MagGun_Display_EM.uasset" 283
"../../../ShooterGame/Content/Weapons/Textures/MagGunT2_section.uasset" 284
"../../../ShooterGame/Content/Weapons/Textures/MagGunT2_shade.uasset" 285
"../../../ShooterGame/Content/Weapons/Materials/MagGun_MatB.uasset" 286
"../../../ShooterGame/Content/Weapons/Materials/MagGun_MatB_Inst2.uasset" 287
"../../../ShooterGame/Content/Environment/Textures/holo_layer_1_5.uasset" 288
"../../../ShooterGame/Content/Weapons/Textures/SightLens_maskA.uasset" 289
"../../../ShooterGame/Content/Weapons/Textures/SightLens_maskB.uasset" 290
"../../../ShooterGame/Content/Weapons/Materials/MagGun_SightLens_Mat.uasset" 291
"../../../ShooterGame/Content/Weapons/Materials/MagGun_SightLens_Mat_Inst.uasset" 292
"../../../ShooterGame/Content/Weapons/Rifle_Skeleton.uasset" 293
"../../../ShooterGame/Content/Weapons/Rifle.uasset" 294
"../../../ShooterGame/Content/Blueprints/Weapons/WeapGun.uasset" 295
"../../../ShooterGame/Content/Effects/Textures/fire/T_explo_SubUV.uasset" 296
"../../../ShooterGame/Content/Effects/Materials/Explosion/M_explosion_subUV.uasset" 297
"../../../ShooterGame/Content/Effects/ParticleSystems/Weapons/RocketLauncher/Impact/P_Launcher_IH.uasset" 298
"../../../ShooterGame/Content/Blueprints/Weapons/ProjRocket_Explosion.uasset" 299
"../../../ShooterGame/Content/Blueprints/Weapons/ProjRocket.uasset" 300
"../../../ShooterGame/Content/Blueprints/Weapons/WeapLauncher_FireCameraShake.uasset" 301
"../../../ShooterGame/Content/Blueprints/Weapons/WeapLauncher.uasset" 302
"../../../ShooterGame/Content/Characters/Textures/Chr_FPS_D.uasset" 303
"../../../ShooterGame/Content/Environment/Textures/T_Vista_Grass_N.uasset" 304
"../../../ShooterGame/Content/Characters/Materials/ML_Base.uasset" 305
"../../../ShooterGame/Content/Characters/Textures/Chr_FPS_02_M.uasset" 306
"../../../ShooterGame/Content/Characters/Textures/Chr_FPS_M.uasset" 307
"../../../ShooterGame/Content/Characters/Materials/ML_Emissive_Custom.uasset" 308
"../../../ShooterGame/Content/Characters/Textures/Tiles/T_Sctraches_01.uasset" 309
"../../../ShooterGame/Content/Characters/Materials/ML_Glass.uasset" 310
"../../../ShooterGame/Content/Characters/Materials/ML_Metal_light.uasset" 311
"../../../ShooterGame/Content/Characters/Textures/Chr_FPS_Metal_01.uasset" 312
"../../../ShooterGame/Content/Characters/Materials/ML_Metal_Painted.uasset" 313
"../../../ShooterGame/Content/Characters/Materials/ML_Rubber_dark.uasset" 314
"../../../ShooterGame/Content/Characters/Textures/Chr_FPS_Fabric_N_01.uasset" 315
"../../../ShooterGame/Content/Characters/Materials/ML_Rubber_light.uasset" 316
"../../../ShooterGame/Content/Characters/Textures/Chr_FPS_M_03tga.uasset" 317
"../../../ShooterGame/Content/Characters/Textures/Chr_FPS_N.uasset" 318
"../../../ShooterGame/Content/Environment/PhysicalMaterials/M_BodyDamage.uasset" 319
"../../../ShooterGame/Content/Characters/Materials/HeroTPP.uasset" 320
"../../../ShooterGame/Content/Characters/HeroFPP/HeroFPP.uasset" 321
"../../../ShooterGame/Content/Characters/HeroTPP/HeroTPP_Physics.uasset" 322
"../../../ShooterGame/Content/Characters/HeroTPP/HeroTPP.uasset" 323
"../../../ShooterGame/Content/Sounds/FoleyBodyMoves/Mono/FoleyBody_Aim_Cue.uasset" 324
"../../../ShooterGame/Content/Sounds/FoleyBodyMoves/Mono/Run_Loop_Cue.uasset" 325
"../../../ShooterGame/Content/Sounds/FoleyBodyMoves/Mono/RunStop_Cue.uasset" 326
"../../../ShooterGame/Content/Sounds/InterfaceAudio/Stereo/UI_LowHealth_Loop_Stereo_Cue.uasset" 327
"../../../ShooterGame/Content/Sounds/InterfaceAudio/Stereo/UI_PlayerRespawn_Stereo_Cue.uasset" 328
"../../../ShooterGame/Content/Sounds/Stingers/Stereo/Stinger_PlayerDeath_Stereo_Cue.uasset" 329
"../../../ShooterGame/Content/Blueprints/Pawns/PlayerPawn.uasset" 330
"../../../ShooterGame/Content/Blueprints/Pawns/BotBlackboard.uasset" 331
"../../../ShooterGame/Content/Blueprints/Pawns/BotSearchEnemyLOS.uasset" 332
"../../../ShooterGame/Content/Blueprints/Pawns/BotShootEnemy.uasset" 333
"../../../ShooterGame/Content/Blueprints/TaskAlwaysTrue.uasset" 334
"../../../ShooterGame/Content/Blueprints/Pawns/BotBehavior.uasset" 335
"../../../ShooterGame/Content/Blueprints/Pawns/BotPawn.uasset" 336
"../../../ShooterGame/Content/UI/HUD/HitIndicator.uasset" 337
"../../../ShooterGame/Content/UI/HUD/HUDAssets02.uasset" 338
"../../../ShooterGame/Content/UI/HUD/LowHealthOverlay.uasset" 339
"../../../ShooterGame/Content/UI/HUD/Roboto51.uasset" 340
"../../../ShooterGame/Content/UI/HUD/Roboto18.uasset" 341
"../../../ShooterGame/Content/UI/Menu/MenuItemBg.uasset" 342
"../../../ShooterGame/Content/UI/Styles/DefaultShooterButtonStyle.uasset" 343
"../../../ShooterGame/Content/UI/Chat/ChatBoxBacking.uasset" 344
"../../../ShooterGame/Content/UI/Chat/ChatBoxEntryBacking.uasset" 345
"../../../ShooterGame/Content/UI/Styles/DefaultShooterChatStyle.uasset" 346
"../../../ShooterGame/Content/UI/Menu/MenuArrowLeft.uasset" 347
"../../../ShooterGame/Content/UI/Menu/MenuArrowRight.uasset" 348
"../../../ShooterGame/Content/UI/Styles/DefaultShooterMenuItemStyle.uasset" 349
"../../../ShooterGame/Content/Sounds/InterfaceAudio/Stereo/MenuExitStereo_Cue.uasset" 350
"../../../ShooterGame/Content/Sounds/InterfaceAudio/Stereo/MenuStart_Stereo_Cue.uasset" 351
"../../../ShooterGame/Content/UI/Styles/DefaultShooterMenuSoundsStyle.uasset" 352
"../../../ShooterGame/Content/Sounds/InterfaceAudio/Stereo/MenuBack_Stereo_Cue.uasset" 353
"../../../ShooterGame/Content/Sounds/InterfaceAudio/Stereo/MenuCursor_Sides_Stereo_Cue.uasset" 354
"../../../ShooterGame/Content/Sounds/InterfaceAudio/Stereo/MenuCursor_UpDown_Stereo_Cue.uasset" 355
"../../../ShooterGame/Content/Sounds/InterfaceAudio/Stereo/MenuEnter_Stereo_Cue.uasset" 356
"../../../ShooterGame/Content/UI/Menu/MenuBgLeft.uasset" 357
"../../../ShooterGame/Content/UI/Menu/MenuBgRight.uasset" 358
"../../../ShooterGame/Content/UI/Menu/MenuHeaderBg.uasset" 359
"../../../ShooterGame/Content/UI/Styles/DefaultShooterMenuStyle.uasset" 360
"../../../ShooterGame/Content/Sounds/InterfaceAudio/Stereo/MenuAccept_Stereo_Cue.uasset" 361
"../../../ShooterGame/Content/Sounds/InterfaceAudio/Stereo/MenuDiscard_Stereo_Cue.uasset" 362
"../../../ShooterGame/Content/UI/Styles/DefaultShooterOptionsStyle.uasset" 363
"../../../ShooterGame/Content/UI/Styles/DefaultShooterScoreboardStyle.uasset" 364
"../../../Engine/Content/EngineMaterials/RemoveSurfaceMaterial.uasset" 365
"../../../Engine/Content/EngineDebugMaterials/DebugMeshMaterial.uasset" 366
"../../../Engine/Content/EngineMaterials/InvalidLightmapSettings.uasset" 367
"../../../Engine/Content/EngineMaterials/M_InvalidLightmapSettings.uasset" 368
"../../../Engine/Content/EditorMaterials/GizmoMaterial.uasset" 369
"../../../Engine/Content/EngineMaterials/Good64x64TilingNoiseHighFreq.uasset" 370
"../../../Engine/Content/EngineMaterials/DefaultBokeh.uasset" 371
"../../../Engine/Content/EngineMaterials/PreintegratedSkinBRDF.uasset" 372
"../../../Engine/Content/EngineMaterials/MiniFont.uasset" 373
"../../../Engine/Content/EngineMaterials/WeightMapPlaceholderTexture.uasset" 374
"../../../Engine/Content/EngineMaterials/DefaultWhiteGrid.uasset" 375
"../../../Engine/Content/EngineFonts/RobotoTiny.uasset" 376
"../../../Engine/Content/EditorSounds/Notifications/CompileSuccess.uasset" 377
"../../../Engine/Content/EditorSounds/Notifications/CompileStart_Cue.uasset" 378
"../../../Engine/Content/EditorSounds/Notifications/CompileSuccess_Cue.uasset" 379
"../../../Engine/Content/EditorSounds/Notifications/CompileFailed.uasset" 380
"../../../Engine/Content/EditorSounds/Notifications/CompileFailed_Cue.uasset" 381
"../../../Engine/Content/MobileResources/HUD/MobileHUDButton1_off.uasset" 382
"../../../Engine/Content/MobileResources/T_MobileControls_texture.uasset" 383
"../../../Engine/Content/MobileResources/HUD/T_Castle_ThumbstickInner.uasset" 384
"../../../Engine/Content/MobileResources/HUD/MobileHUDDirectionPad.uasset" 385
"../../../Engine/Content/MobileResources/HUD/MobileHUDButtonFire.uasset" 386
"../../../Engine/Content/MobileResources/HUD/T_Castle_ThumbstickOutter.uasset" 387
"../../../Engine/Content/MobileResources/HUD/MobileHUDButton2_on.uasset" 388
"../../../Engine/Content/MobileResources/HUD/MobileHUDDirectionPad2.uasset" 389
"../../../Engine/Content/MobileResources/HUD/MobileHUDButton1_on.uasset" 390
"../../../Engine/Content/MobileResources/HUD/MobileHUDButton2_off.uasset" 391
"../../../Engine/Content/MobileResources/HUD/MobileHUDButton3.uasset" 392
"../../../Engine/Content/MobileResources/T_MobileMenu2.uasset" 393
"../../../Engine/Content/MobileResources/HUD/VirtualJoystick_Background.uasset" 394
"../../../Engine/Content/MobileResources/HUD/VirtualJoystick_Thumb.uasset" 395
"../../../Engine/Content/MobileResources/HUD/DefaultVirtualJoysticks.uasset" 396
"../../../Engine/Content/MobileResources/HUD/LeftVirtualJoystickOnly.uasset" 397
"../../../Engine/Content/MobileResources/HUD/MobileHUDDirectionStick.uasset" 398
"../../../ShooterGame/Content/UI/Chat/ChatLog_Icon_Star.uasset" 399
"../../../Engine/Content/EditorResources/AudioIcons/S_AudioComponent.uasset" 400
"../../../Engine/Content/MobileResources/HUD/AnalogHat.uasset" 401
"../../../Engine/Content/MobileResources/HUD/MobileHUDDirectionPad3.uasset" 402
"../../../Engine/Content/EditorResources/AudioIcons/S_AudioComponent_AutoActivate.uasset" 403
"../../../Engine/Content/EditorResources/EmptyActor.uasset" 404
"../../../ShooterGame/Content/Sounds/InterfaceAudio/Mono/UI_LowHealth_Loop_Cue.uasset" 405
"../../../ShooterGame/Content/Sounds/InterfaceAudio/Stereo/MenuBack01_Stereo.uasset" 406
"../../../ShooterGame/Content/Sounds/InterfaceAudio/Stereo/MenuBack02_Stereo.uasset" 407
"../../../ShooterGame/Content/Sounds/InterfaceAudio/Stereo/MenuCursor01_Stereo.uasset" 408
"../../../ShooterGame/Content/Sounds/InterfaceAudio/Stereo/MenuCursor03_Stereo.uasset" 409
"../../../ShooterGame/Content/Sounds/InterfaceAudio/Stereo/MenuEnter01_Stereo.uasset" 410
"../../../ShooterGame/Content/Sounds/InterfaceAudio/Stereo/MenuEnter02_Stereo.uasset" 411
"../../../Engine/Content/BasicShapes/Cone.uasset" 412
"../../../Engine/Content/EngineMaterials/WorldGridMaterial.uasset" 413
"../../../Engine/Content/BasicShapes/Cube.uasset" 414
"../../../Engine/Content/BasicShapes/Cylinder.uasset" 415
"../../../Engine/Content/BasicShapes/Sphere.uasset" 416
"../../../Engine/Content/EditorMaterials/PhAT_JointLimitMaterial.uasset" 417
"../../../Engine/Content/EditorMaterials/PreviewShadowIndicator.uasset" 418
"../../../Engine/Content/EditorMaterials/PreviewShadowIndicatorMaterial.uasset" 419
"../../../Engine/Content/EditorMeshes/ColorCalibrator/M_ChromeBall.uasset" 420
"../../../Engine/Content/EditorMeshes/ColorCalibrator/M_ClearCoat.uasset" 421
"../../../Engine/Content/EditorMeshes/ColorCalibrator/M_ClearCoatBlack.uasset" 422
"../../../Engine/Content/EditorMeshes/ColorCalibrator/T_ColorGrid.uasset" 423
"../../../Engine/Content/EditorMeshes/ColorCalibrator/M_ColorGrid.uasset" 424
"../../../Engine/Content/EditorMeshes/ColorCalibrator/M_GreyBall.uasset" 425
"../../../Engine/Content/EditorMeshes/ColorCalibrator/SM_ColorCalibrator.uasset" 426
"../../../Engine/Content/EditorResources/BSPVertex.uasset" 427
"../../../Engine/Content/EngineDebugMaterials/HeatmapGradient.uasset" 428
"../../../Engine/Content/EngineDebugMaterials/BoneWeightMaterial.uasset" 429
"../../../Engine/Content/EngineDebugMaterials/GeomMaterial.uasset" 430
"../../../Engine/Content/EngineMaterials/EditorBrushMaterial.uasset" 431
"../../../Engine/Content/Tutorial/BlueprintTutorials/TutorialAssets/Blueprint_64x.uasset" 432
"../../../Engine/Content/Tutorial/BlueprintTutorials/BlueprintEditorTutorial.uasset" 433
"../../../Engine/Content/Tutorial/BlueprintTutorials/TutorialAssets/BlueprintInterface_64x.uasset" 434
"../../../Engine/Content/Tutorial/BlueprintTutorials/BlueprintInterfacesEditorOverview.uasset" 435
"../../../Engine/Content/Tutorial/BlueprintTutorials/TutorialAssets/BlueprintMacroLibrary_64x.uasset" 436
"../../../Engine/Content/Tutorial/BlueprintTutorials/BlueprintMacroLibrariesEditorOverview.uasset" 437
"../../../Engine/Content/Tutorial/BlueprintTutorials/LevelBlueprintEditorOverview.uasset" 438
"../../../Engine/Content/Tutorial/Foliage/TutorialAssets/Foliage.uasset" 439
"../../../Engine/Content/Tutorial/Foliage/Foliage_Intro_Tutorial.uasset" 440
"../../../Engine/Content/Tutorial/Paper2D/TutorialAssets/Paper2DFlipbook_TutorialIcon.uasset" 441
"../../../Engine/Content/Tutorial/Paper2D/FlipbookEditorTutorial.uasset" 442
"../../../Engine/Content/Tutorial/Paper2D/TutorialAssets/Paper2DSprite_TutorialIcon.uasset" 443
"../../../Engine/Content/Tutorial/Paper2D/SpriteEditorTutorial.uasset" 444
"../../../Engine/Content/Tutorial/SubEditors/DestructibleMeshEditorTutorial.uasset" 445
"../../../Engine/Content/Tutorial/SubEditors/MaterialEditorTutorial.uasset" 446
"../../../Engine/Content/Tutorial/SubEditors/ParticleSystemEditorTutorial.uasset" 447
"../../../Engine/Content/Tutorial/SubEditors/TutorialAssets/icon_ShowSkeletalMeshes_40x.uasset" 448
"../../../Engine/Content/Tutorial/SubEditors/PersonaAnimEditorWalkthrough.uasset" 449
"../../../Engine/Content/Tutorial/SubEditors/StaticMeshEditorTutorial.uasset" 450
"../../../Engine/Content/Tutorial/SubEditors/TutorialAssets/icon_Editor_Preferences_General_40x.uasset" 451
"../../../ShooterGame/Content/Environment/Textures/T_Forest_01.uasset" 452
"../../../ShooterGame/Content/Environment/Textures/T_Forest_2_NM.uasset" 453
"../../../ShooterGame/Content/Environment/Textures/T_FPS_Vista_Gardens_M.uasset" 454
"../../../ShooterGame/Content/Environment/Materials/M_Forest_03.uasset" 455
"../../../ShooterGame/Content/Environment/Textures/T_Park_N.uasset" 456
"../../../ShooterGame/Content/Environment/Materials/M_Park.uasset" 457
"../../../ShooterGame/Content/Environment/Materials/M_Park4.uasset" 458
"../../../ShooterGame/Content/Environment/Materials/M_Sky_01.uasset" 459
"../../../Engine/Content/MapTemplates/Sky/T_Sky_Stars.uasset" 460
"../../../Engine/Content/MapTemplates/Sky/T_UDK_Sky_CloudMask01_N.uasset" 461
"../../../Engine/Content/MapTemplates/T_UDK_Sky_CloudMask03.uasset" 462
"../../../Engine/Content/MapTemplates/Sky/M_Procedural_Sky_MASTER02.uasset" 463
"../../../Engine/Content/MapTemplates/Sky/SM_SkySphere.uasset" 464
"../../../Engine/Content/MapTemplates/TilingNoise05.uasset" 465
"../../../ShooterGame/Content/Effects/Textures/Water/T_Steam_subUV.uasset" 466
"../../../ShooterGame/Content/Effects/Materials/water/M_Steam_SubUV.uasset" 467
"../../../ShooterGame/Content/Effects/ParticleSystems/Environment/P_beam_light.uasset" 468
"../../../Engine/Content/MapTemplates/daylight.uasset" 469
"../../../ShooterGame/Content/Effects/Materials/Gameplay/M_vehicle_master_vertexcolor.uasset" 470
"../../../ShooterGame/Content/Effects/Materials/Gameplay/M_vehicle_master.uasset" 471
"../../../ShooterGame/Content/Effects/Materials/Gameplay/M_vehicle_bottom.uasset" 472
"../../../ShooterGame/Content/Effects/Materials/Gameplay/M_vehicle_energy.uasset" 473
"../../../ShooterGame/Content/Effects/Materials/Gameplay/M_vehicle_glass.uasset" 474
"../../../ShooterGame/Content/Effects/Materials/Gameplay/M_vehicle_light.uasset" 475
"../../../ShooterGame/Content/Effects/Materials/Gameplay/M_vehicle_red_light.uasset" 476
"../../../ShooterGame/Content/Effects/Meshes/General/SM_flying_car_1.uasset" 477
"../../../ShooterGame/Content/Effects/Meshes/General/SM_flying_car_2.uasset" 478
"../../../ShooterGame/Content/Effects/Meshes/General/SM_flying_car_3.uasset" 479
"../../../ShooterGame/Content/Effects/Meshes/General/SM_flying_car_4.uasset" 480
"../../../ShooterGame/Content/Effects/ParticleSystems/Environment/P_cars_straight_line.uasset" 481
"../../../ShooterGame/Content/Effects/ParticleSystems/Environment/P_cars_turning.uasset" 482
"../../../ShooterGame/Content/Effects/ParticleSystems/Environment/P_cars_waving.uasset" 483
"../../../ShooterGame/Content/Effects/Textures/Air/T_cloud_1.uasset" 484
"../../../ShooterGame/Content/Effects/Textures/Air/T_soft_smoke.uasset" 485
"../../../ShooterGame/Content/Effects/Materials/Air/M_cloud.uasset" 486
"../../../ShooterGame/Content/Effects/Materials/Air/MI_cloud_white_1.uasset" 487
"../../../ShooterGame/Content/Effects/Textures/Air/T_cloud_2.uasset" 488
"../../../ShooterGame/Content/Effects/Materials/Air/MI_cloud_white_2.uasset" 489
"../../../ShooterGame/Content/Effects/Textures/Air/T_cloud_4.uasset" 490
"../../../ShooterGame/Content/Effects/Materials/Air/MI_cloud_white_3.uasset" 491
"../../../ShooterGame/Content/Effects/ParticleSystems/Environment/P_clouds_highrise.uasset" 492
"../../../ShooterGame/Content/Effects/ParticleSystems/Environment/P_clouds_highrise_sky.uasset" 493
"../../../ShooterGame/Content/Effects/ParticleSystems/Environment/P_clouds_highrise_sky_single.uasset" 494
"../../../ShooterGame/Content/Effects/Materials/Air/M_lightning.uasset" 495
"../../../ShooterGame/Content/Effects/Meshes/General/SM_lightning.uasset" 496
"../../../ShooterGame/Content/Effects/ParticleSystems/Environment/P_lightning_beam.uasset" 497
"../../../ShooterGame/Content/Effects/ParticleSystems/Environment/P_lightning_point.uasset" 498
"../../../ShooterGame/Content/Effects/ParticleSystems/Environment/P_waterfall_mist.uasset" 499
"../../../ShooterGame/Content/Environment/Textures/T_Fps_Vista_Wall_D.uasset" 500
"../../../ShooterGame/Content/Environment/Materials/M_Fps_Vista_Walls.uasset" 501
"../../../ShooterGame/Content/Environment/Meshes/City_DamThreshold_01.uasset" 502
"../../../ShooterGame/Content/Environment/Textures/T_Fps_Vista_Windows_M.uasset" 503
"../../../ShooterGame/Content/Environment/Materials/M_Fps_Vista_Windows.uasset" 504
"../../../ShooterGame/Content/Environment/Textures/T_Vista_Grass_D.uasset" 505
"../../../ShooterGame/Content/Environment/Materials/M_Vista_Grass.uasset" 506
"../../../ShooterGame/Content/Environment/Meshes/SM_Fps_Vista_GP_03.uasset" 507
"../../../ShooterGame/Content/Environment/Textures/FPS_Vista_Planet_D.uasset" 508
"../../../ShooterGame/Content/Environment/Materials/M_FPS_Planet.uasset" 509
"../../../ShooterGame/Content/Environment/Meshes/SM_Vista_Plane.uasset" 510
"../../../ShooterGame/Content/Environment/Textures/T_Water_Sea_01.uasset" 511
"../../../ShooterGame/Content/Environment/Textures/T_Water_Sea_01_N.uasset" 512
"../../../ShooterGame/Content/Environment/Materials/M_water_Lake_01.uasset" 513
"../../../ShooterGame/Content/Environment/Meshes/Vista_Meshes/City_BasePlane_01.uasset" 514
"../../../ShooterGame/Content/Environment/Meshes/Vista_Meshes/SM_Fps_Vista_Building_01.uasset" 515
"../../../ShooterGame/Content/Environment/Meshes/Vista_Meshes/SM_Fps_Vista_Building_02.uasset" 516
"../../../ShooterGame/Content/Environment/Meshes/Vista_Meshes/SM_Fps_Vista_Building_03.uasset" 517
"../../../ShooterGame/Content/Environment/Meshes/Vista_Meshes/SM_Fps_Vista_Building_04.uasset" 518
"../../../ShooterGame/Content/Environment/Meshes/Vista_Meshes/SM_Fps_Vista_GP_01.uasset" 519
"../../../ShooterGame/Content/Environment/Materials/M_Park_2.uasset" 520
"../../../ShooterGame/Content/Environment/Meshes/Vista_Meshes/SM_Fps_Vista_GP_02.uasset" 521
"../../../ShooterGame/Content/Environment/Textures/T_FPS_Vista_Mountain_M.uasset" 522
"../../../ShooterGame/Content/Environment/Textures/T_FPS_Vista_Mountain_NM.uasset" 523
"../../../ShooterGame/Content/Environment/Materials/M_FPS_Vista_Mountain.uasset" 524
"../../../ShooterGame/Content/Environment/Meshes/Vista_Meshes/SM_FPS_Vista_Mountain.uasset" 525
"../../../ShooterGame/Content/Environment/Meshes/Vista_Meshes/SM_Shooter_City_Building_3.uasset" 526
"../../../ShooterGame/Content/Environment/Meshes/Vista_Meshes/SM_Shooter_City_Building_4.uasset" 527
"../../../ShooterGame/Content/Environment/Meshes/Vista_Meshes/SM_Shooter_City_Building_5.uasset" 528
"../../../ShooterGame/Content/Environment/Meshes/Vista_Meshes/SM_Shooter_City_Building_7.uasset" 529
"../../../ShooterGame/Content/Environment/Materials/M_Laser.uasset" 530
"../../../ShooterGame/Content/Environment/Meshes/Vista_Meshes/SM_Shooter_City_Building_8.uasset" 531
"../../../ShooterGame/Content/Environment/Meshes/Vista_Meshes/SM_Shooter_City_Building_9.uasset" 532
"../../../ShooterGame/Content/Environment/Textures/T_Forest_NM.uasset" 533
"../../../ShooterGame/Content/Environment/Materials/M_Forest_02.uasset" 534
"../../../ShooterGame/Content/Environment/Meshes/Vista_Meshes/SM_Shooter_Vista_coast_1.uasset" 535
"../../../ShooterGame/Content/Environment/Materials/M_Fps_Vista_City.uasset" 536
"../../../ShooterGame/Content/Environment/Meshes/Vista_Meshes/SM_Shooter_Vista_coast_triangle.uasset" 537
"../../../ShooterGame/Content/Environment/Meshes/Vista_Meshes/SM_Vista_Trees_1.uasset" 538
"../../../ShooterGame/Content/Environment/Meshes/Vista_Meshes/SM_Vista_Trees_2.uasset" 539
"../../../ShooterGame/Content/Environment/Meshes/Vista_Meshes/SM_Vista_Trees_3.uasset" 540
"../../../ShooterGame/Content/Environment/Meshes/Vista_Meshes/SM_Vista_Trees_4.uasset" 541
"../../../ShooterGame/Content/Environment/Meshes/Vista_Meshes/SM_Vista_Trees_5.uasset" 542
"../../../ShooterGame/Content/Maps/Highrise_Vista.umap" 543
"../../../Engine/Content/MapTemplates/Bokeh_5Sides.uasset" 544
"../../../Engine/Content/MapTemplates/Sky/DaylightAmbientCubemap.uasset" 545
"../../../Engine/Content/MapTemplates/T_ScreenDirt02_w.uasset" 546
"../../../ShooterGame/Content/Environment/Textures/LUT_Highrise.uasset" 547
"../../../ShooterGame/Content/Maps/Highrise_Lights.umap" 548
"../../../ShooterGame/Content/Effects/Materials/Gameplay/Pickups/M_PickUp_Master.uasset" 549
"../../../ShooterGame/Content/Effects/Meshes/Gameplay/Pickups/Ammo.uasset" 550
"../../../ShooterGame/Content/Effects/Meshes/General/S_Sphere.uasset" 551
"../../../ShooterGame/Content/Effects/ParticleSystems/Gameplay/Pick-ups/P_AssaultRifle_AMmo.uasset" 552
"../../../ShooterGame/Content/Sounds/Weapon_AssaultRifle/Mono/AssaultRifle_AmmoPickup_Cue.uasset" 553
"../../../ShooterGame/Content/Blueprints/Pickups/Pickup_AmmoGun.uasset" 554
"../../../ShooterGame/Content/Effects/Meshes/Gameplay/Pickups/Launcher.uasset" 555
"../../../ShooterGame/Content/Effects/ParticleSystems/Gameplay/Pick-ups/P_Launcher_Ammo.uasset" 556
"../../../ShooterGame/Content/Blueprints/Pickups/Pickup_AmmoLauncher.uasset" 557
"../../../ShooterGame/Content/Effects/Meshes/Gameplay/Pickups/SM_Health.uasset" 558
"../../../ShooterGame/Content/Effects/ParticleSystems/Gameplay/Pick-ups/P_Health.uasset" 559
"../../../ShooterGame/Content/Sounds/Stingers/Mono/StingerPickup_Health_Cue.uasset" 560
"../../../ShooterGame/Content/Blueprints/Pickups/Pickup_Health.uasset" 561
"../../../ShooterGame/Content/Maps/Highrise_Gameplay.umap" 562
"../../../ShooterGame/Content/Maps/Highrise_Collisions_Temp.umap" 563
"../../../ShooterGame/Content/Sounds/AmbientLoops/Mono/NoiseA_Cue.uasset" 564
"../../../ShooterGame/Content/Sounds/AmbientLoops/Mono/NoiseB_Cue.uasset" 565
"../../../ShooterGame/Content/Sounds/AmbientLoops/Mono/NoiseC_Cue.uasset" 566
"../../../ShooterGame/Content/Sounds/AmbientLoops/Mono/NoiseD_Cue.uasset" 567
"../../../ShooterGame/Content/Sounds/AmbientLoops/Mono/NoiseE_Cue.uasset" 568
"../../../ShooterGame/Content/Sounds/AmbientLoops/Mono/WindAnimated_Abstract_Cue.uasset" 569
"../../../ShooterGame/Content/Sounds/AmbientLoops/Stereo/CityVehicle_Loop_Stereo_Cue.uasset" 570
"../../../ShooterGame/Content/Sounds/AmbientLoops/Stereo/RoomTone_AbstractAnimated01_Stereo_Cue.uasset" 571
"../../../ShooterGame/Content/Sounds/AmbientLoops/Stereo/RoomTone_AbstractAnimated02_Stereo_Cue.uasset" 572
"../../../ShooterGame/Content/Sounds/AmbientLoops/Stereo/WindAnimated_High_Stereo_Cue.uasset" 573
"../../../ShooterGame/Content/Sounds/AmbientLoops/Stereo/WindAnimated_Low_Stereo_Cue.uasset" 574
"../../../ShooterGame/Content/Sounds/AmbientLoops/Stereo/WindSteady_Loop_Stereo_Cue.uasset" 575
"../../../ShooterGame/Content/Sounds/AmbientNonLoops/Mono/MetalCreak_PIllar01_Cue.uasset" 576
"../../../ShooterGame/Content/Sounds/AmbientNonLoops/Mono/MetalSqueak_Cue.uasset" 577
"../../../ShooterGame/Content/Sounds/AmbientNonLoops/Mono/WindCracks_Cue.uasset" 578
"../../../ShooterGame/Content/Sounds/AmbientNonLoops/Stereo/AmbientCity_TypeC_Stereo_Cue.uasset" 579
"../../../ShooterGame/Content/Sounds/AmbientNonLoops/Stereo/AmbientCity_TypeD_Stereo_Cue.uasset" 580
"../../../ShooterGame/Content/Sounds/AmbientNonLoops/Stereo/ComputerEnergy01_Stereo.uasset" 581
"../../../ShooterGame/Content/Sounds/AmbientNonLoops/Stereo/MetalCreak_PIllar03_Stereo_Cue.uasset" 582
"../../../ShooterGame/Content/Sounds/Music/ShooterGame_Music_Cue.uasset" 583
"../../../ShooterGame/Content/Sounds/Music/ShooterGame_Music_Intro_Cue.uasset" 584
"../../../ShooterGame/Content/Sounds/ReverbPresets/LowerFloors.uasset" 585
"../../../ShooterGame/Content/Sounds/ReverbPresets/MainHall.uasset" 586
"../../../ShooterGame/Content/Maps/Highrise_Audio.umap" 587
"../../../Engine/Content/EditorBlueprintResources/StandardMacros.uasset" 588
"../../../ShooterGame/Content/Blueprints/Environment/BP_HoloController.uasset" 589
"../../../ShooterGame/Content/Blueprints/Pickups/Pickup_AmmoCurveGun.uasset" 590
"../../../ShooterGame/Content/Blueprints/GameplayEffects/EffectExplosive.uasset" 591
"../../../ShooterGame/Content/Blueprints/Pickups/Pickup_Explosive.uasset" 592
"../../../ShooterGame/Content/Environment/Textures/holo_layer_1.uasset" 593
"../../../ShooterGame/Content/Environment/Materials/Holo_City.uasset" 594
"../../../ShooterGame/Content/Environment/Materials/Holo_l1.uasset" 595
"../../../ShooterGame/Content/Environment/Textures/T_PublicPhone_01_M.uasset" 596
"../../../ShooterGame/Content/Environment/Materials/M_PublicPhone_holo_01.uasset" 597
"../../../ShooterGame/Content/Environment/Textures/T_FFA_ConcreteGroundPlane_01_N.uasset" 598
"../../../ShooterGame/Content/Environment/Materials/Metal_tiled.uasset" 599
"../../../ShooterGame/Content/Environment/Materials/Simple_emmisive22.uasset" 600
"../../../ShooterGame/Content/Environment/Textures/glass_1_ao.uasset" 601
"../../../ShooterGame/Content/Environment/Textures/glass_1_nm.uasset" 602
"../../../ShooterGame/Content/Environment/Textures/holo_layer_1_4.uasset" 603
"../../../ShooterGame/Content/Environment/Materials/Windows_glass_trans_holo.uasset" 604
"../../../ShooterGame/Content/Environment/Materials/Holo_l2.uasset" 605
"../../../ShooterGame/Content/Environment/Textures/T_Carpet_M.uasset" 606
"../../../ShooterGame/Content/Environment/Textures/T_Carpet_N.uasset" 607
"../../../ShooterGame/Content/Environment/Materials/M_GrassLVL_Wall_01.uasset" 608
"../../../ShooterGame/Content/Environment/Materials/M_GrassLVL_Wall_01_Inst.uasset" 609
"../../../ShooterGame/Content/Environment/Materials/Metal_tiled_Brighter.uasset" 610
"../../../ShooterGame/Content/Environment/Materials/Metal_tiled_Darker.uasset" 611
"../../../ShooterGame/Content/Effects/Textures/Noise/T_sparks_01.uasset" 612
"../../../ShooterGame/Content/Effects/Materials/Air/M_dust_specs_sparkling.uasset" 613
"../../../ShooterGame/Content/Effects/ParticleSystems/Environment/P_dust_sparkles.uasset" 614
"../../../ShooterGame/Content/Effects/Materials/M_ramp.uasset" 615
"../../../ShooterGame/Content/Effects/Meshes/General/hologram_streak.uasset" 616
"../../../ShooterGame/Content/Effects/ParticleSystems/Environment/P_hologram.uasset" 617
"../../../Engine/Content/MaterialTemplates/Textures/T_Noise01.uasset" 618
"../../../ShooterGame/Content/Effects/Materials/Air/M_light_shaft_particle.uasset" 619
"../../../ShooterGame/Content/Effects/ParticleSystems/Environment/P_light_shafts.uasset" 620
"../../../ShooterGame/Content/Environment/Meshes/City_TDM/New_ver/back_1.uasset" 621
"../../../ShooterGame/Content/Environment/Materials/Windows_glass_2_trans_22.uasset" 622
"../../../ShooterGame/Content/Environment/Meshes/City_TDM/New_ver/back_1_glass.uasset" 623
"../../../ShooterGame/Content/Environment/Meshes/City_TDM/New_ver/back_2.uasset" 624
"../../../ShooterGame/Content/Environment/Meshes/City_TDM/New_ver/back_2_glass.uasset" 625
"../../../ShooterGame/Content/Environment/Materials/M_Grass2.uasset" 626
"../../../ShooterGame/Content/Environment/Meshes/City_TDM/New_ver/back_3.uasset" 627
"../../../ShooterGame/Content/Environment/Meshes/City_TDM/New_ver/bal_m.uasset" 628
"../../../ShooterGame/Content/Environment/Meshes/City_TDM/New_ver/bal_mb.uasset" 629
"../../../ShooterGame/Content/Environment/Textures/glass_2_mask.uasset" 630
"../../../ShooterGame/Content/Environment/Textures/glass_2_nm.uasset" 631
"../../../ShooterGame/Content/Environment/Materials/Metal_tiled_hex_gray.uasset" 632
"../../../ShooterGame/Content/Environment/Materials/Simple_emmisive2.uasset" 633
"../../../ShooterGame/Content/Environment/Meshes/City_TDM/New_ver/bal_r.uasset" 634
"../../../ShooterGame/Content/Environment/Meshes/City_TDM/New_ver/bal_r2.uasset" 635
"../../../ShooterGame/Content/Environment/Materials/Metal_tiled_little_dark.uasset" 636
"../../../ShooterGame/Content/Environment/Meshes/City_TDM/New_ver/barier_1.uasset" 637
"../../../ShooterGame/Content/Environment/Meshes/City_TDM/New_ver/barier_10.uasset" 638
"../../../ShooterGame/Content/Environment/Meshes/City_TDM/New_ver/barier_11.uasset" 639
"../../../ShooterGame/Content/Environment/Meshes/City_TDM/New_ver/barier_2.uasset" 640
"../../../ShooterGame/Content/Environment/Meshes/City_TDM/New_ver/barier_3.uasset" 641
"../../../ShooterGame/Content/Environment/Meshes/City_TDM/New_ver/barier_4.uasset" 642
"../../../ShooterGame/Content/Environment/Meshes/City_TDM/New_ver/barier_5.uasset" 643
"../../../ShooterGame/Content/Environment/Meshes/City_TDM/New_ver/barier_6.uasset" 644
"../../../ShooterGame/Content/Environment/Meshes/City_TDM/New_ver/barier_7.uasset" 645
"../../../ShooterGame/Content/Environment/Meshes/City_TDM/New_ver/barier_8.uasset" 646
"../../../ShooterGame/Content/Environment/Meshes/City_TDM/New_ver/barier_9.uasset" 647
"../../../ShooterGame/Content/Environment/Meshes/City_TDM/New_ver/bottom_p1.uasset" 648
"../../../ShooterGame/Content/Environment/Textures/T_FFA_Wall_02_D.uasset" 649
"../../../ShooterGame/Content/Environment/Textures/T_FFA_Wall_02_M.uasset" 650
"../../../ShooterGame/Content/Environment/Textures/T_FFA_Wall_02_N.uasset" 651
"../../../ShooterGame/Content/Environment/Materials/Metal_tiled_gray.uasset" 652
"../../../ShooterGame/Content/Environment/Meshes/City_TDM/New_ver/bottom_p2.uasset" 653
"../../../ShooterGame/Content/Environment/Meshes/City_TDM/New_ver/bottom_p4.uasset" 654
"../../../ShooterGame/Content/Environment/Meshes/City_TDM/New_ver/bottom_p4_glass.uasset" 655
"../../../ShooterGame/Content/Environment/Meshes/City_TDM/New_ver/bridge_ele_1.uasset" 656
"../../../ShooterGame/Content/Environment/Materials/Metal_gray.uasset" 657
"../../../ShooterGame/Content/Environment/Meshes/City_TDM/New_ver/bridge_ele_2.uasset" 658
"../../../ShooterGame/Content/Environment/Meshes/City_TDM/New_ver/bridge_trim.uasset" 659
"../../../ShooterGame/Content/Environment/Meshes/City_TDM/New_ver/bridge_trim2.uasset" 660
"../../../ShooterGame/Content/Environment/Meshes/City_TDM/New_ver/bridge_trim2_glass.uasset" 661
"../../../ShooterGame/Content/Environment/Meshes/City_TDM/New_ver/bridge_trim3.uasset" 662
"../../../ShooterGame/Content/Environment/Meshes/City_TDM/New_ver/bridge_trim3_glass.uasset" 663
"../../../ShooterGame/Content/Environment/Meshes/City_TDM/New_ver/City_Holographic_01.uasset" 664
"../../../ShooterGame/Content/Environment/Textures/doors_1_dff.uasset" 665
"../../../ShooterGame/Content/Environment/Textures/doors_1_nm.uasset" 666
"../../../ShooterGame/Content/Environment/Textures/doors_1_occlusion.uasset" 667
"../../../ShooterGame/Content/Environment/Materials/Doors_1.uasset" 668
"../../../ShooterGame/Content/Environment/Meshes/City_TDM/New_ver/doors_1.uasset" 669
"../../../ShooterGame/Content/Environment/Meshes/City_TDM/New_ver/entrance_floor_1.uasset" 670
"../../../ShooterGame/Content/Environment/Meshes/City_TDM/New_ver/entrance_stairs_1.uasset" 671
"../../../ShooterGame/Content/Environment/Meshes/City_TDM/New_ver/entrance_stairs_2.uasset" 672
"../../../ShooterGame/Content/Environment/Materials/Metal_tiled_lines_gray2.uasset" 673
"../../../ShooterGame/Content/Environment/Meshes/City_TDM/New_ver/entrance_stairs_2_1.uasset" 674
"../../../ShooterGame/Content/Environment/Meshes/City_TDM/New_ver/entrance_stairs_3.uasset" 675
"../../../ShooterGame/Content/Environment/Meshes/City_TDM/New_ver/entrance_stairs_3_2.uasset" 676
"../../../ShooterGame/Content/Environment/Meshes/City_TDM/New_ver/entrance_wall_1.uasset" 677
"../../../ShooterGame/Content/Environment/Materials/Windows_glass_trans_2.uasset" 678
"../../../ShooterGame/Content/Environment/Meshes/City_TDM/New_ver/entrance_wall_1_glass.uasset" 679
"../../../ShooterGame/Content/Environment/Textures/glass_2_3_nm.uasset" 680
"../../../ShooterGame/Content/Environment/Materials/Metal_tiled_masked.uasset" 681
"../../../ShooterGame/Content/Environment/Meshes/City_TDM/New_ver/entrance_wall_1_glass_hex.uasset" 682
"../../../ShooterGame/Content/Environment/Meshes/City_TDM/New_ver/entrance_wall_1_railing.uasset" 683
"../../../ShooterGame/Content/Environment/Meshes/City_TDM/New_ver/entrance_wall_2.uasset" 684
"../../../ShooterGame/Content/Environment/Textures/glass_2_2_nm.uasset" 685
"../../../ShooterGame/Content/Environment/Textures/T_Fps_Vista_Ref_Temp.uasset" 686
"../../../ShooterGame/Content/Environment/Materials/Windows_glass_trans_tiled.uasset" 687
"../../../ShooterGame/Content/Environment/Meshes/City_TDM/New_ver/entrance_wall_2_glass.uasset" 688
"../../../ShooterGame/Content/Environment/Meshes/City_TDM/New_ver/entrance_wall_3.uasset" 689
"../../../ShooterGame/Content/Environment/Meshes/City_TDM/New_ver/entrance_wall_3_glass.uasset" 690
"../../../ShooterGame/Content/Environment/Meshes/City_TDM/New_ver/entrance_wall_center.uasset" 691
"../../../ShooterGame/Content/Environment/Meshes/City_TDM/New_ver/entrance_wall_center_glass.uasset" 692
"../../../ShooterGame/Content/Environment/Meshes/City_TDM/New_ver/filler_1.uasset" 693
"../../../ShooterGame/Content/Environment/Materials/M_Floor_Lights.uasset" 694
"../../../ShooterGame/Content/Environment/Meshes/City_TDM/New_ver/floor_1.uasset" 695
"../../../ShooterGame/Content/Environment/Meshes/City_TDM/New_ver/floor_2.uasset" 696
"../../../ShooterGame/Content/Environment/Meshes/City_TDM/New_ver/floor_3.uasset" 697
"../../../ShooterGame/Content/Environment/Meshes/City_TDM/New_ver/floor_4.uasset" 698
"../../../ShooterGame/Content/Environment/Meshes/City_TDM/New_ver/floor_5.uasset" 699
"../../../ShooterGame/Content/Environment/Materials/Metal.uasset" 700
"../../../ShooterGame/Content/Environment/Meshes/City_TDM/New_ver/floor_5_det.uasset" 701
"../../../ShooterGame/Content/Environment/Materials/Windows_glass_trans.uasset" 702
"../../../ShooterGame/Content/Environment/Meshes/City_TDM/New_ver/floor_5_Glass.uasset" 703
"../../../ShooterGame/Content/Environment/Materials/Windows_glass_2_trans.uasset" 704
"../../../ShooterGame/Content/Environment/Meshes/City_TDM/New_ver/glass_front.uasset" 705
"../../../ShooterGame/Content/Environment/Meshes/City_TDM/New_ver/glass_front_det_1.uasset" 706
"../../../ShooterGame/Content/Environment/Meshes/City_TDM/New_ver/glass_front_masked.uasset" 707
"../../../ShooterGame/Content/Environment/Materials/Windows_glass_trans_2_tile.uasset" 708
"../../../ShooterGame/Content/Environment/Meshes/City_TDM/New_ver/glass_inside_a.uasset" 709
"../../../ShooterGame/Content/Environment/Meshes/City_TDM/New_ver/glass_inside_b.uasset" 710
"../../../ShooterGame/Content/Environment/Meshes/City_TDM/New_ver/glass_inside_c.uasset" 711
"../../../ShooterGame/Content/Environment/Meshes/City_TDM/New_ver/glass_left.uasset" 712
"../../../ShooterGame/Content/Environment/Meshes/City_TDM/New_ver/hi_bottom_glass.uasset" 713
"../../../ShooterGame/Content/Environment/Meshes/City_TDM/New_ver/hi_bottom_main.uasset" 714
"../../../ShooterGame/Content/Environment/Meshes/City_TDM/New_ver/hi_bottom_ring.uasset" 715
"../../../ShooterGame/Content/Environment/Meshes/City_TDM/New_ver/hi_bottom_tunnel.uasset" 716
"../../../ShooterGame/Content/Environment/Meshes/City_TDM/New_ver/holes_cover_1.uasset" 717
"../../../ShooterGame/Content/Environment/Meshes/City_TDM/New_ver/holes_cover_2.uasset" 718
"../../../ShooterGame/Content/Environment/Meshes/City_TDM/New_ver/holes_cover_3.uasset" 719
"../../../ShooterGame/Content/Environment/Meshes/City_TDM/New_ver/holo_l1.uasset" 720
"../../../ShooterGame/Content/Environment/Meshes/City_TDM/New_ver/holo_l2.uasset" 721
"../../../ShooterGame/Content/Environment/Textures/unreal_engine.uasset" 722
"../../../ShooterGame/Content/Environment/Materials/Unreal_Holo_4.uasset" 723
"../../../ShooterGame/Content/Environment/Materials/unreal_holo_4_1_1.uasset" 724
"../../../ShooterGame/Content/Environment/Meshes/City_TDM/New_ver/holo_l5.uasset" 725
"../../../ShooterGame/Content/Environment/Meshes/City_TDM/New_ver/holo_ll3.uasset" 726
"../../../ShooterGame/Content/Environment/Meshes/City_TDM/New_ver/holo_ll4.uasset" 727
"../../../ShooterGame/Content/Environment/Materials/Metal_tiled_hex_gray_em.uasset" 728
"../../../ShooterGame/Content/Environment/Materials/Simple_emmisive3.uasset" 729
"../../../ShooterGame/Content/Environment/Meshes/City_TDM/New_ver/holo_proj_1.uasset" 730
"../../../ShooterGame/Content/Environment/Meshes/City_TDM/New_ver/holo_proj_1_ele_1.uasset" 731
"../../../ShooterGame/Content/Environment/Meshes/City_TDM/New_ver/holo_proj_1_ele_1_2.uasset" 732
"../../../ShooterGame/Content/Environment/Meshes/City_TDM/New_ver/holo_proj_2.uasset" 733
"../../../ShooterGame/Content/Environment/Meshes/City_TDM/New_ver/holo_proj_3.uasset" 734
"../../../ShooterGame/Content/Environment/Meshes/City_TDM/New_ver/interior_bottom_wall_1.uasset" 735
"../../../ShooterGame/Content/Environment/Meshes/City_TDM/New_ver/interior_ceiling.uasset" 736
"../../../ShooterGame/Content/Environment/Meshes/City_TDM/New_ver/interior_ceiling_trim.uasset" 737
"../../../ShooterGame/Content/Environment/Meshes/City_TDM/New_ver/interior_wall_2.uasset" 738
"../../../ShooterGame/Content/Environment/Meshes/City_TDM/New_ver/interior_wall_column_3.uasset" 739
"../../../ShooterGame/Content/Environment/Meshes/City_TDM/New_ver/interior_wall_stairs_railings.uasset" 740
"../../../ShooterGame/Content/Environment/Meshes/City_TDM/New_ver/interior_walls_1.uasset" 741
"../../../ShooterGame/Content/Environment/Textures/T_lvl_Bench_01_M.uasset" 742
"../../../ShooterGame/Content/Environment/Textures/T_lvl_Bench_01_N.uasset" 743
"../../../ShooterGame/Content/Environment/Materials/M_lvl_Bench_01.uasset" 744
"../../../ShooterGame/Content/Environment/Meshes/City_TDM/New_ver/lvl_Bench_01.uasset" 745
"../../../ShooterGame/Content/Environment/Meshes/City_TDM/New_ver/lvl_c_inside.uasset" 746
"../../../ShooterGame/Content/Environment/Meshes/City_TDM/New_ver/lvl_inside.uasset" 747
"../../../ShooterGame/Content/Environment/Meshes/City_TDM/New_ver/lvl_inside_b.uasset" 748
"../../../ShooterGame/Content/Environment/Meshes/City_TDM/New_ver/lvl_inside_Pillar_01.uasset" 749
"../../../ShooterGame/Content/Environment/Meshes/City_TDM/New_ver/lvl_left.uasset" 750
"../../../ShooterGame/Content/Environment/PhysicalMaterials/M_Concrete.uasset" 751
"../../../ShooterGame/Content/Environment/Textures/Enviro_assets_01_M.uasset" 752
"../../../ShooterGame/Content/Environment/Textures/T_Enviro_assets_01_D.uasset" 753
"../../../ShooterGame/Content/Environment/Textures/T_Enviro_assets_01_N.uasset" 754
"../../../ShooterGame/Content/Environment/Materials/M_Enviro_assets_01.uasset" 755
"../../../ShooterGame/Content/Environment/Meshes/City_TDM/New_ver/lvl_Lights_01.uasset" 756
"../../../ShooterGame/Content/Environment/Textures/T_PublicPhone_01_D.uasset" 757
"../../../ShooterGame/Content/Environment/Textures/T_PublicPhone_01_N.uasset" 758
"../../../ShooterGame/Content/Environment/Materials/M_PublicPhone_01.uasset" 759
"../../../ShooterGame/Content/Environment/Meshes/City_TDM/New_ver/lvl_PublicPhone_01.uasset" 760
"../../../ShooterGame/Content/Environment/Meshes/City_TDM/New_ver/lvl_PublicPhone_holo_01.uasset" 761
"../../../ShooterGame/Content/Environment/Meshes/City_TDM/New_ver/lvl_Trshcan_01.uasset" 762
"../../../ShooterGame/Content/Environment/Meshes/City_TDM/New_ver/main_front.uasset" 763
"../../../ShooterGame/Content/Environment/Meshes/City_TDM/New_ver/main_left.uasset" 764
"../../../ShooterGame/Content/Environment/Meshes/City_TDM/New_ver/main_left_2.uasset" 765
"../../../ShooterGame/Content/Environment/Meshes/City_TDM/New_ver/MainHall_Arc_01.uasset" 766
"../../../ShooterGame/Content/Environment/Meshes/City_TDM/New_ver/MainHall_Arc_02.uasset" 767
"../../../ShooterGame/Content/Environment/Meshes/City_TDM/New_ver/MainHall_WallGrass_02.uasset" 768
"../../../ShooterGame/Content/Environment/Meshes/City_TDM/New_ver/MainHall_WallGrass_05.uasset" 769
"../../../ShooterGame/Content/Environment/Meshes/City_TDM/New_ver/near_entrance_wall.uasset" 770
"../../../ShooterGame/Content/Environment/Meshes/City_TDM/New_ver/near_entrance_wall_glass.uasset" 771
"../../../ShooterGame/Content/Environment/Textures/T_FFA_Detail_01_N.uasset" 772
"../../../ShooterGame/Content/Environment/Textures/T_FPS_HDR_01A.uasset" 773
"../../../ShooterGame/Content/Environment/Textures/T_FPS_HDR_01B.uasset" 774
"../../../ShooterGame/Content/Environment/Textures/T_Railings_01_M.uasset" 775
"../../../ShooterGame/Content/Environment/Textures/T_Railings_01_N.uasset" 776
"../../../ShooterGame/Content/Environment/Materials/M_Glass_Railing_01.uasset" 777
"../../../ShooterGame/Content/Environment/Meshes/City_TDM/New_ver/Railings_01_midle.uasset" 778
"../../../ShooterGame/Content/Environment/Meshes/City_TDM/New_ver/Railings_01_midle_a.uasset" 779
"../../../ShooterGame/Content/Environment/Meshes/City_TDM/New_ver/Railings_01a.uasset" 780
"../../../ShooterGame/Content/Environment/Meshes/City_TDM/New_ver/Railings_01b.uasset" 781
"../../../ShooterGame/Content/Environment/Meshes/City_TDM/New_ver/Railings_01c.uasset" 782
"../../../ShooterGame/Content/Environment/Meshes/City_TDM/New_ver/Railings_01d.uasset" 783
"../../../ShooterGame/Content/Environment/Meshes/City_TDM/New_ver/Railings_01e.uasset" 784
"../../../ShooterGame/Content/Environment/Meshes/City_TDM/New_ver/Railings_01f.uasset" 785
"../../../ShooterGame/Content/Environment/Meshes/City_TDM/New_ver/SM_Grass_plane.uasset" 786
"../../../ShooterGame/Content/Environment/Meshes/City_TDM/New_ver/spawn_point_1.uasset" 787
"../../../ShooterGame/Content/Environment/Meshes/City_TDM/New_ver/spawn_point_1_glass.uasset" 788
"../../../ShooterGame/Content/Environment/Meshes/City_TDM/New_ver/spawn_point_floor_1.uasset" 789
"../../../ShooterGame/Content/Environment/Meshes/City_TDM/New_ver/spawn_point_floor_2.uasset" 790
"../../../ShooterGame/Content/Environment/Meshes/City_TDM/New_ver/spawn_point_interior.uasset" 791
"../../../ShooterGame/Content/Environment/Meshes/City_TDM/New_ver/spawn_point_stairs_1.uasset" 792
"../../../ShooterGame/Content/Environment/Meshes/City_TDM/New_ver/stairs_1.uasset" 793
"../../../ShooterGame/Content/Environment/Meshes/City_TDM/New_ver/stairs_2.uasset" 794
"../../../ShooterGame/Content/Environment/Meshes/City_TDM/New_ver/stairs_3.uasset" 795
"../../../ShooterGame/Content/Environment/Meshes/City_TDM/New_ver/stairs_4.uasset" 796
"../../../ShooterGame/Content/Environment/Meshes/City_TDM/New_ver/stairs_5.uasset" 797
"../../../ShooterGame/Content/Environment/Meshes/City_TDM/New_ver/stairs_6.uasset" 798
"../../../ShooterGame/Content/Environment/Meshes/City_TDM/New_ver/stairs_7.uasset" 799
"../../../ShooterGame/Content/Environment/Materials/Unreal_Holo_1.uasset" 800
"../../../ShooterGame/Content/Environment/Meshes/City_TDM/New_ver/unreal_holo_1.uasset" 801
"../../../ShooterGame/Content/Environment/Meshes/City_TDM/New_ver/unreal_holo_2.uasset" 802
"../../../ShooterGame/Content/Environment/Materials/Unreal_Holo_2.uasset" 803
"../../../ShooterGame/Content/Environment/Meshes/City_TDM/New_ver/unreal_holo_3.uasset" 804
"../../../ShooterGame/Content/Environment/Materials/unreal_holo_4_1.uasset" 805
"../../../ShooterGame/Content/Environment/Materials/unreal_holo_4_2.uasset" 806
"../../../ShooterGame/Content/Environment/Meshes/City_TDM/New_ver/unreal_holo_4.uasset" 807
"../../../ShooterGame/Content/Environment/Meshes/City_TDM/New_ver/unreal_holo_5.uasset" 808
"../../../ShooterGame/Content/Environment/Meshes/City_TDM/New_ver/upper_p1.uasset" 809
"../../../ShooterGame/Content/Environment/Meshes/City_TDM/New_ver/upper_p1_glass.uasset" 810
"../../../ShooterGame/Content/Environment/Meshes/City_TDM/New_ver/wall_left.uasset" 811
"../../../ShooterGame/Content/Environment/Meshes/City_TDM/New_ver/wall_left_2.uasset" 812
"../../../ShooterGame/Content/Environment/Meshes/City_TDM/New_ver/wall_left_2_glass.uasset" 813
"../../../ShooterGame/Content/Environment/Meshes/City_TDM/New_ver/wing_wall_1.uasset" 814
"../../../ShooterGame/Content/Environment/Meshes/City_TDM/New_ver/wing_wall_1_glass.uasset" 815
"../../../ShooterGame/Content/Environment/Meshes/City_TDM/New_ver/wing_wall_2.uasset" 816
"../../../ShooterGame/Content/Environment/Meshes/City_TDM/New_ver/wing_wall_2_glass.uasset" 817
"../../../ShooterGame/Content/Environment/Meshes/City_TDM/New_ver/wing_wall_3.uasset" 818
"../../../ShooterGame/Content/Environment/Meshes/City_TDM/New_ver/wing_wall_4.uasset" 819
"../../../ShooterGame/Content/Environment/Meshes/City_TDM/New_ver/wing_wall_4_glass.uasset" 820
"../../../ShooterGame/Content/Sounds/AmbientNonLoops/BigHologram_Stereo_Cue.uasset" 821
"../../../ShooterGame/Content/Maps/Highrise.umap" 822
"../../../ShooterGame/Content/Environment/Textures/T_FFA_Floor_02_D.uasset" 823
"../../../ShooterGame/Content/Environment/Textures/T_FFA_Floor_02_M.uasset" 824
"../../../ShooterGame/Content/Environment/Textures/T_FFA_Floor_02_N.uasset" 825
"../../../ShooterGame/Content/Environment/Materials/M_FFA_Floor_02.uasset" 826
"../../../ShooterGame/Content/Environment/Materials/M_FFA_Floor_02_Dark.uasset" 827
"../../../ShooterGame/Content/Environment/Textures/T_FFA_Wall_01_D.uasset" 828
"../../../ShooterGame/Content/Environment/Textures/T_FFA_Wall_01_M.uasset" 829
"../../../ShooterGame/Content/Environment/Textures/T_FFA_Wall_01_N.uasset" 830
"../../../ShooterGame/Content/Environment/Materials/M_FFA_Wall_01.uasset" 831
"../../../ShooterGame/Content/Environment/Textures/T_FFA_Wall_Dirt_01_D.uasset" 832
"../../../ShooterGame/Content/Environment/Materials/M_FFA_Wall_04.uasset" 833
"../../../ShooterGame/Content/Environment/Materials/M_FFA_Wall_04_Brighter.uasset" 834
"../../../ShooterGame/Content/Environment/Materials/M_FFA_Wall_04_Brighter_02.uasset" 835
"../../../ShooterGame/Content/Environment/Textures/T_FFA_Wall_03_D.uasset" 836
"../../../ShooterGame/Content/Environment/Textures/T_FFA_Wall_03_M.uasset" 837
"../../../ShooterGame/Content/Environment/Textures/T_FFA_Wall_03_N.uasset" 838
"../../../ShooterGame/Content/Environment/Materials/M_FFA_Wall_05.uasset" 839
"../../../ShooterGame/Content/Environment/Materials/M_MASTER_Sky_Material_FFA_02.uasset" 840
"../../../ShooterGame/Content/Effects/Materials/Air/M_light_shaft.uasset" 841
"../../../ShooterGame/Content/Effects/Materials/Air/M_light_shaft_Inst.uasset" 842
"../../../Engine/Content/EditorMeshes/EditorPlane.uasset" 843
"../../../ShooterGame/Content/Effects/Materials/Air/M_Cloud_1_particle.uasset" 844
"../../../ShooterGame/Content/Effects/Materials/Air/M_Cloud_1_particle_Inst.uasset" 845
"../../../ShooterGame/Content/Effects/ParticleSystems/Environment/P_clouds_1.uasset" 846
"../../../ShooterGame/Content/Effects/Materials/Air/M_Cloud_2_particle_Inst.uasset" 847
"../../../ShooterGame/Content/Effects/Materials/Air/M_Cloud_2_particle_Inst_2.uasset" 848
"../../../ShooterGame/Content/Effects/ParticleSystems/Environment/P_clouds_2.uasset" 849
"../../../ShooterGame/Content/Effects/ParticleSystems/Environment/P_clouds_2_brighter.uasset" 850
"../../../ShooterGame/Content/Effects/ParticleSystems/Environment/P_Steam_falling.uasset" 851
"../../../ShooterGame/Content/Effects/ParticleSystems/Environment/P_Steam_falling_line.uasset" 852
"../../../ShooterGame/Content/Environment/Materials/M_MASTER_Sky_Material_FFA.uasset" 853
"../../../ShooterGame/Content/Environment/Meshes/CloudPlane_01.uasset" 854
"../../../ShooterGame/Content/Environment/Textures/T_FFA_ConcreteWallPlate_01_D.uasset" 855
"../../../ShooterGame/Content/Environment/Textures/T_FFA_ConcreteWallPlate_01_N.uasset" 856
"../../../ShooterGame/Content/Environment/Materials/M_FFA_ConcreteWallPlate_01.uasset" 857
"../../../ShooterGame/Content/Environment/Meshes/FFA_BlockVista_01.uasset" 858
"../../../ShooterGame/Content/Environment/Textures/T_Sky_Clouds_D.uasset" 859
"../../../ShooterGame/Content/Environment/Materials/M_Cloud_2.uasset" 860
"../../../ShooterGame/Content/Environment/Meshes/SM_Sky_Clouds.uasset" 861
"../../../ShooterGame/Content/Environment/Textures/T_Skydome_01.uasset" 862
"../../../ShooterGame/Content/Environment/Materials/M_skydome_2.uasset" 863
"../../../ShooterGame/Content/Environment/Meshes/Vista_Meshes/SM_SkyDome.uasset" 864
"../../../ShooterGame/Content/Sounds/AmbientLoops/Stereo/RoomTone_AbstractAnimated03_Stereo_Cue.uasset" 865
"../../../ShooterGame/Content/Sounds/AmbientLoops/Stereo/RoomTone_AbstractAnimated04_Stereo_Cue.uasset" 866
"../../../ShooterGame/Content/Sounds/AmbientLoops/Stereo/RoomTone_AbstractAnimated05_Stereo_Cue.uasset" 867
"../../../ShooterGame/Content/Sounds/AmbientLoops/Stereo/Wind_AbstractAnimated_Stereo_Cue.uasset" 868
"../../../ShooterGame/Content/Sounds/AmbientNonLoops/Mono/MetalCreak_PIllar02_Cue.uasset" 869
"../../../ShooterGame/Content/Sounds/AmbientNonLoops/Mono/MetalCreak_PIllar03_Cue.uasset" 870
"../../../ShooterGame/Content/Maps/Sanctuary.umap" 871
"../../../ShooterGame/Content/UI/Menu/LoadingScreen.uasset" 872
"../../../ShooterGame/Content/UI/Menu/LoadingScreen_Mat.uasset" 873
"../../../ShooterGame/Content/Maps/ShooterEntry.umap" 874
